SearchBayesianSkopt: Config 0 Exception. Config: {'topK': 177, 'shrink': 29, 'similarity': 'jaccard', 'normalize': False} - Exception: Traceback (most recent call last):
  File "C:\Users\ALEXDRUSO\Desktop\RecSysChallenge2020\src\ParameterTuning\SearchAbstractClass.py", line 335, in _objective_function
    current_fit_parameters_dict)
  File "C:\Users\ALEXDRUSO\Desktop\RecSysChallenge2020\src\ParameterTuning\SearchAbstractClass.py", line 242, in _evaluate_on_validation
    result_dict, _ = self.evaluator_validation.evaluateRecommender(recommender_instance)
TypeError: evaluateRecommender() missing 1 required positional argument: 'recommender_object'

SearchBayesianSkopt: Config 1 Exception. Config: {'topK': 607, 'shrink': 459, 'similarity': 'jaccard', 'normalize': True} - Exception: Traceback (most recent call last):
  File "C:\Users\ALEXDRUSO\Desktop\RecSysChallenge2020\src\ParameterTuning\SearchAbstractClass.py", line 335, in _objective_function
    current_fit_parameters_dict)
  File "C:\Users\ALEXDRUSO\Desktop\RecSysChallenge2020\src\ParameterTuning\SearchAbstractClass.py", line 242, in _evaluate_on_validation
    result_dict, _ = self.evaluator_validation.evaluateRecommender(recommender_instance)
TypeError: evaluateRecommender() missing 1 required positional argument: 'recommender_object'

SearchBayesianSkopt: Config 2 Exception. Config: {'topK': 801, 'shrink': 339, 'similarity': 'jaccard', 'normalize': False} - Exception: Traceback (most recent call last):
  File "C:\Users\ALEXDRUSO\Desktop\RecSysChallenge2020\src\ParameterTuning\SearchAbstractClass.py", line 335, in _objective_function
    current_fit_parameters_dict)
  File "C:\Users\ALEXDRUSO\Desktop\RecSysChallenge2020\src\ParameterTuning\SearchAbstractClass.py", line 242, in _evaluate_on_validation
    result_dict, _ = self.evaluator_validation.evaluateRecommender(recommender_instance)
TypeError: evaluateRecommender() missing 1 required positional argument: 'recommender_object'

SearchBayesianSkopt: Config 3 Exception. Config: {'topK': 67, 'shrink': 378, 'similarity': 'jaccard', 'normalize': False} - Exception: Traceback (most recent call last):
  File "C:\Users\ALEXDRUSO\Desktop\RecSysChallenge2020\src\ParameterTuning\SearchAbstractClass.py", line 335, in _objective_function
    current_fit_parameters_dict)
  File "C:\Users\ALEXDRUSO\Desktop\RecSysChallenge2020\src\ParameterTuning\SearchAbstractClass.py", line 242, in _evaluate_on_validation
    result_dict, _ = self.evaluator_validation.evaluateRecommender(recommender_instance)
TypeError: evaluateRecommender() missing 1 required positional argument: 'recommender_object'

SearchBayesianSkopt: Config 4 Exception. Config: {'topK': 76, 'shrink': 496, 'similarity': 'jaccard', 'normalize': False} - Exception: Traceback (most recent call last):
  File "C:\Users\ALEXDRUSO\Desktop\RecSysChallenge2020\src\ParameterTuning\SearchAbstractClass.py", line 335, in _objective_function
    current_fit_parameters_dict)
  File "C:\Users\ALEXDRUSO\Desktop\RecSysChallenge2020\src\ParameterTuning\SearchAbstractClass.py", line 242, in _evaluate_on_validation
    result_dict, _ = self.evaluator_validation.evaluateRecommender(recommender_instance)
TypeError: evaluateRecommender() missing 1 required positional argument: 'recommender_object'

SearchBayesianSkopt: Config 5 Exception. Config: {'topK': 986, 'shrink': 996, 'similarity': 'jaccard', 'normalize': True} - Exception: Traceback (most recent call last):
  File "C:\Users\ALEXDRUSO\Desktop\RecSysChallenge2020\src\ParameterTuning\SearchAbstractClass.py", line 335, in _objective_function
    current_fit_parameters_dict)
  File "C:\Users\ALEXDRUSO\Desktop\RecSysChallenge2020\src\ParameterTuning\SearchAbstractClass.py", line 242, in _evaluate_on_validation
    result_dict, _ = self.evaluator_validation.evaluateRecommender(recommender_instance)
TypeError: evaluateRecommender() missing 1 required positional argument: 'recommender_object'

SearchBayesianSkopt: Config 6 Exception. Config: {'topK': 10, 'shrink': 972, 'similarity': 'jaccard', 'normalize': True} - Exception: Traceback (most recent call last):
  File "C:\Users\ALEXDRUSO\Desktop\RecSysChallenge2020\src\ParameterTuning\SearchAbstractClass.py", line 335, in _objective_function
    current_fit_parameters_dict)
  File "C:\Users\ALEXDRUSO\Desktop\RecSysChallenge2020\src\ParameterTuning\SearchAbstractClass.py", line 242, in _evaluate_on_validation
    result_dict, _ = self.evaluator_validation.evaluateRecommender(recommender_instance)
TypeError: evaluateRecommender() missing 1 required positional argument: 'recommender_object'

SearchBayesianSkopt: Config 7 Exception. Config: {'topK': 992, 'shrink': 8, 'similarity': 'jaccard', 'normalize': True} - Exception: Traceback (most recent call last):
  File "C:\Users\ALEXDRUSO\Desktop\RecSysChallenge2020\src\ParameterTuning\SearchAbstractClass.py", line 335, in _objective_function
    current_fit_parameters_dict)
  File "C:\Users\ALEXDRUSO\Desktop\RecSysChallenge2020\src\ParameterTuning\SearchAbstractClass.py", line 242, in _evaluate_on_validation
    result_dict, _ = self.evaluator_validation.evaluateRecommender(recommender_instance)
TypeError: evaluateRecommender() missing 1 required positional argument: 'recommender_object'

SearchBayesianSkopt: Config 8 Exception. Config: {'topK': 993, 'shrink': 987, 'similarity': 'jaccard', 'normalize': False} - Exception: Traceback (most recent call last):
  File "C:\Users\ALEXDRUSO\Desktop\RecSysChallenge2020\src\ParameterTuning\SearchAbstractClass.py", line 335, in _objective_function
    current_fit_parameters_dict)
  File "C:\Users\ALEXDRUSO\Desktop\RecSysChallenge2020\src\ParameterTuning\SearchAbstractClass.py", line 242, in _evaluate_on_validation
    result_dict, _ = self.evaluator_validation.evaluateRecommender(recommender_instance)
TypeError: evaluateRecommender() missing 1 required positional argument: 'recommender_object'

SearchBayesianSkopt: Config 9 Exception. Config: {'topK': 10, 'shrink': 7, 'similarity': 'jaccard', 'normalize': True} - Exception: Traceback (most recent call last):
  File "C:\Users\ALEXDRUSO\Desktop\RecSysChallenge2020\src\ParameterTuning\SearchAbstractClass.py", line 335, in _objective_function
    current_fit_parameters_dict)
  File "C:\Users\ALEXDRUSO\Desktop\RecSysChallenge2020\src\ParameterTuning\SearchAbstractClass.py", line 242, in _evaluate_on_validation
    result_dict, _ = self.evaluator_validation.evaluateRecommender(recommender_instance)
TypeError: evaluateRecommender() missing 1 required positional argument: 'recommender_object'

SearchBayesianSkopt: Config 10 Exception. Config: {'topK': 977, 'shrink': 993, 'similarity': 'jaccard', 'normalize': False} - Exception: Traceback (most recent call last):
  File "C:\Users\ALEXDRUSO\Desktop\RecSysChallenge2020\src\ParameterTuning\SearchAbstractClass.py", line 335, in _objective_function
    current_fit_parameters_dict)
  File "C:\Users\ALEXDRUSO\Desktop\RecSysChallenge2020\src\ParameterTuning\SearchAbstractClass.py", line 242, in _evaluate_on_validation
    result_dict, _ = self.evaluator_validation.evaluateRecommender(recommender_instance)
TypeError: evaluateRecommender() missing 1 required positional argument: 'recommender_object'

SearchBayesianSkopt: Config 11 Exception. Config: {'topK': 25, 'shrink': 998, 'similarity': 'jaccard', 'normalize': True} - Exception: Traceback (most recent call last):
  File "C:\Users\ALEXDRUSO\Desktop\RecSysChallenge2020\src\ParameterTuning\SearchAbstractClass.py", line 335, in _objective_function
    current_fit_parameters_dict)
  File "C:\Users\ALEXDRUSO\Desktop\RecSysChallenge2020\src\ParameterTuning\SearchAbstractClass.py", line 242, in _evaluate_on_validation
    result_dict, _ = self.evaluator_validation.evaluateRecommender(recommender_instance)
TypeError: evaluateRecommender() missing 1 required positional argument: 'recommender_object'

SearchBayesianSkopt: Config 12 Exception. Config: {'topK': 967, 'shrink': 4, 'similarity': 'jaccard', 'normalize': True} - Exception: Traceback (most recent call last):
  File "C:\Users\ALEXDRUSO\Desktop\RecSysChallenge2020\src\ParameterTuning\SearchAbstractClass.py", line 335, in _objective_function
    current_fit_parameters_dict)
  File "C:\Users\ALEXDRUSO\Desktop\RecSysChallenge2020\src\ParameterTuning\SearchAbstractClass.py", line 242, in _evaluate_on_validation
    result_dict, _ = self.evaluator_validation.evaluateRecommender(recommender_instance)
TypeError: evaluateRecommender() missing 1 required positional argument: 'recommender_object'

SearchBayesianSkopt: Config 13 Exception. Config: {'topK': 999, 'shrink': 4, 'similarity': 'jaccard', 'normalize': False} - Exception: Traceback (most recent call last):
  File "C:\Users\ALEXDRUSO\Desktop\RecSysChallenge2020\src\ParameterTuning\SearchAbstractClass.py", line 335, in _objective_function
    current_fit_parameters_dict)
  File "C:\Users\ALEXDRUSO\Desktop\RecSysChallenge2020\src\ParameterTuning\SearchAbstractClass.py", line 242, in _evaluate_on_validation
    result_dict, _ = self.evaluator_validation.evaluateRecommender(recommender_instance)
TypeError: evaluateRecommender() missing 1 required positional argument: 'recommender_object'

SearchBayesianSkopt: Config 14 Exception. Config: {'topK': 12, 'shrink': 999, 'similarity': 'jaccard', 'normalize': False} - Exception: Traceback (most recent call last):
  File "C:\Users\ALEXDRUSO\Desktop\RecSysChallenge2020\src\ParameterTuning\SearchAbstractClass.py", line 335, in _objective_function
    current_fit_parameters_dict)
  File "C:\Users\ALEXDRUSO\Desktop\RecSysChallenge2020\src\ParameterTuning\SearchAbstractClass.py", line 242, in _evaluate_on_validation
    result_dict, _ = self.evaluator_validation.evaluateRecommender(recommender_instance)
TypeError: evaluateRecommender() missing 1 required positional argument: 'recommender_object'

SearchBayesianSkopt: Config 15 Exception. Config: {'topK': 5, 'shrink': 10, 'similarity': 'jaccard', 'normalize': True} - Exception: Traceback (most recent call last):
  File "C:\Users\ALEXDRUSO\Desktop\RecSysChallenge2020\src\ParameterTuning\SearchAbstractClass.py", line 335, in _objective_function
    current_fit_parameters_dict)
  File "C:\Users\ALEXDRUSO\Desktop\RecSysChallenge2020\src\ParameterTuning\SearchAbstractClass.py", line 242, in _evaluate_on_validation
    result_dict, _ = self.evaluator_validation.evaluateRecommender(recommender_instance)
TypeError: evaluateRecommender() missing 1 required positional argument: 'recommender_object'

SearchBayesianSkopt: Config 16 Exception. Config: {'topK': 971, 'shrink': 996, 'similarity': 'jaccard', 'normalize': True} - Exception: Traceback (most recent call last):
  File "C:\Users\ALEXDRUSO\Desktop\RecSysChallenge2020\src\ParameterTuning\SearchAbstractClass.py", line 335, in _objective_function
    current_fit_parameters_dict)
  File "C:\Users\ALEXDRUSO\Desktop\RecSysChallenge2020\src\ParameterTuning\SearchAbstractClass.py", line 242, in _evaluate_on_validation
    result_dict, _ = self.evaluator_validation.evaluateRecommender(recommender_instance)
TypeError: evaluateRecommender() missing 1 required positional argument: 'recommender_object'

SearchBayesianSkopt: Config 17 Exception. Config: {'topK': 10, 'shrink': 8, 'similarity': 'jaccard', 'normalize': False} - Exception: Traceback (most recent call last):
  File "C:\Users\ALEXDRUSO\Desktop\RecSysChallenge2020\src\ParameterTuning\SearchAbstractClass.py", line 335, in _objective_function
    current_fit_parameters_dict)
  File "C:\Users\ALEXDRUSO\Desktop\RecSysChallenge2020\src\ParameterTuning\SearchAbstractClass.py", line 242, in _evaluate_on_validation
    result_dict, _ = self.evaluator_validation.evaluateRecommender(recommender_instance)
TypeError: evaluateRecommender() missing 1 required positional argument: 'recommender_object'

SearchBayesianSkopt: Config 18 Exception. Config: {'topK': 990, 'shrink': 4, 'similarity': 'jaccard', 'normalize': False} - Exception: Traceback (most recent call last):
  File "C:\Users\ALEXDRUSO\Desktop\RecSysChallenge2020\src\ParameterTuning\SearchAbstractClass.py", line 335, in _objective_function
    current_fit_parameters_dict)
  File "C:\Users\ALEXDRUSO\Desktop\RecSysChallenge2020\src\ParameterTuning\SearchAbstractClass.py", line 242, in _evaluate_on_validation
    result_dict, _ = self.evaluator_validation.evaluateRecommender(recommender_instance)
TypeError: evaluateRecommender() missing 1 required positional argument: 'recommender_object'

SearchBayesianSkopt: Config 19 Exception. Config: {'topK': 8, 'shrink': 989, 'similarity': 'jaccard', 'normalize': True} - Exception: Traceback (most recent call last):
  File "C:\Users\ALEXDRUSO\Desktop\RecSysChallenge2020\src\ParameterTuning\SearchAbstractClass.py", line 335, in _objective_function
    current_fit_parameters_dict)
  File "C:\Users\ALEXDRUSO\Desktop\RecSysChallenge2020\src\ParameterTuning\SearchAbstractClass.py", line 242, in _evaluate_on_validation
    result_dict, _ = self.evaluator_validation.evaluateRecommender(recommender_instance)
TypeError: evaluateRecommender() missing 1 required positional argument: 'recommender_object'

SearchBayesianSkopt: Config 20 Exception. Config: {'topK': 994, 'shrink': 992, 'similarity': 'jaccard', 'normalize': False} - Exception: Traceback (most recent call last):
  File "C:\Users\ALEXDRUSO\Desktop\RecSysChallenge2020\src\ParameterTuning\SearchAbstractClass.py", line 335, in _objective_function
    current_fit_parameters_dict)
  File "C:\Users\ALEXDRUSO\Desktop\RecSysChallenge2020\src\ParameterTuning\SearchAbstractClass.py", line 242, in _evaluate_on_validation
    result_dict, _ = self.evaluator_validation.evaluateRecommender(recommender_instance)
TypeError: evaluateRecommender() missing 1 required positional argument: 'recommender_object'

SearchBayesianSkopt: Config 21 Exception. Config: {'topK': 984, 'shrink': 4, 'similarity': 'jaccard', 'normalize': True} - Exception: Traceback (most recent call last):
  File "C:\Users\ALEXDRUSO\Desktop\RecSysChallenge2020\src\ParameterTuning\SearchAbstractClass.py", line 335, in _objective_function
    current_fit_parameters_dict)
  File "C:\Users\ALEXDRUSO\Desktop\RecSysChallenge2020\src\ParameterTuning\SearchAbstractClass.py", line 242, in _evaluate_on_validation
    result_dict, _ = self.evaluator_validation.evaluateRecommender(recommender_instance)
TypeError: evaluateRecommender() missing 1 required positional argument: 'recommender_object'

SearchBayesianSkopt: Config 22 Exception. Config: {'topK': 17, 'shrink': 999, 'similarity': 'jaccard', 'normalize': False} - Exception: Traceback (most recent call last):
  File "C:\Users\ALEXDRUSO\Desktop\RecSysChallenge2020\src\ParameterTuning\SearchAbstractClass.py", line 335, in _objective_function
    current_fit_parameters_dict)
  File "C:\Users\ALEXDRUSO\Desktop\RecSysChallenge2020\src\ParameterTuning\SearchAbstractClass.py", line 242, in _evaluate_on_validation
    result_dict, _ = self.evaluator_validation.evaluateRecommender(recommender_instance)
TypeError: evaluateRecommender() missing 1 required positional argument: 'recommender_object'

SearchBayesianSkopt: Config 23 Exception. Config: {'topK': 24, 'shrink': 0, 'similarity': 'jaccard', 'normalize': True} - Exception: Traceback (most recent call last):
  File "C:\Users\ALEXDRUSO\Desktop\RecSysChallenge2020\src\ParameterTuning\SearchAbstractClass.py", line 335, in _objective_function
    current_fit_parameters_dict)
  File "C:\Users\ALEXDRUSO\Desktop\RecSysChallenge2020\src\ParameterTuning\SearchAbstractClass.py", line 242, in _evaluate_on_validation
    result_dict, _ = self.evaluator_validation.evaluateRecommender(recommender_instance)
TypeError: evaluateRecommender() missing 1 required positional argument: 'recommender_object'

SearchBayesianSkopt: Config 24 Exception. Config: {'topK': 995, 'shrink': 999, 'similarity': 'jaccard', 'normalize': True} - Exception: Traceback (most recent call last):
  File "C:\Users\ALEXDRUSO\Desktop\RecSysChallenge2020\src\ParameterTuning\SearchAbstractClass.py", line 335, in _objective_function
    current_fit_parameters_dict)
  File "C:\Users\ALEXDRUSO\Desktop\RecSysChallenge2020\src\ParameterTuning\SearchAbstractClass.py", line 242, in _evaluate_on_validation
    result_dict, _ = self.evaluator_validation.evaluateRecommender(recommender_instance)
TypeError: evaluateRecommender() missing 1 required positional argument: 'recommender_object'

SearchBayesianSkopt: Config 25 Exception. Config: {'topK': 5, 'shrink': 5, 'similarity': 'jaccard', 'normalize': False} - Exception: Traceback (most recent call last):
  File "C:\Users\ALEXDRUSO\Desktop\RecSysChallenge2020\src\ParameterTuning\SearchAbstractClass.py", line 335, in _objective_function
    current_fit_parameters_dict)
  File "C:\Users\ALEXDRUSO\Desktop\RecSysChallenge2020\src\ParameterTuning\SearchAbstractClass.py", line 242, in _evaluate_on_validation
    result_dict, _ = self.evaluator_validation.evaluateRecommender(recommender_instance)
TypeError: evaluateRecommender() missing 1 required positional argument: 'recommender_object'

SearchBayesianSkopt: Config 26 Exception. Config: {'topK': 8, 'shrink': 1000, 'similarity': 'jaccard', 'normalize': True} - Exception: Traceback (most recent call last):
  File "C:\Users\ALEXDRUSO\Desktop\RecSysChallenge2020\src\ParameterTuning\SearchAbstractClass.py", line 335, in _objective_function
    current_fit_parameters_dict)
  File "C:\Users\ALEXDRUSO\Desktop\RecSysChallenge2020\src\ParameterTuning\SearchAbstractClass.py", line 242, in _evaluate_on_validation
    result_dict, _ = self.evaluator_validation.evaluateRecommender(recommender_instance)
TypeError: evaluateRecommender() missing 1 required positional argument: 'recommender_object'

SearchBayesianSkopt: Config 27 Exception. Config: {'topK': 1000, 'shrink': 18, 'similarity': 'jaccard', 'normalize': False} - Exception: Traceback (most recent call last):
  File "C:\Users\ALEXDRUSO\Desktop\RecSysChallenge2020\src\ParameterTuning\SearchAbstractClass.py", line 335, in _objective_function
    current_fit_parameters_dict)
  File "C:\Users\ALEXDRUSO\Desktop\RecSysChallenge2020\src\ParameterTuning\SearchAbstractClass.py", line 242, in _evaluate_on_validation
    result_dict, _ = self.evaluator_validation.evaluateRecommender(recommender_instance)
TypeError: evaluateRecommender() missing 1 required positional argument: 'recommender_object'

SearchBayesianSkopt: Config 28 Exception. Config: {'topK': 996, 'shrink': 982, 'similarity': 'jaccard', 'normalize': False} - Exception: Traceback (most recent call last):
  File "C:\Users\ALEXDRUSO\Desktop\RecSysChallenge2020\src\ParameterTuning\SearchAbstractClass.py", line 335, in _objective_function
    current_fit_parameters_dict)
  File "C:\Users\ALEXDRUSO\Desktop\RecSysChallenge2020\src\ParameterTuning\SearchAbstractClass.py", line 242, in _evaluate_on_validation
    result_dict, _ = self.evaluator_validation.evaluateRecommender(recommender_instance)
TypeError: evaluateRecommender() missing 1 required positional argument: 'recommender_object'

SearchBayesianSkopt: Config 29 Exception. Config: {'topK': 994, 'shrink': 1, 'similarity': 'jaccard', 'normalize': True} - Exception: Traceback (most recent call last):
  File "C:\Users\ALEXDRUSO\Desktop\RecSysChallenge2020\src\ParameterTuning\SearchAbstractClass.py", line 335, in _objective_function
    current_fit_parameters_dict)
  File "C:\Users\ALEXDRUSO\Desktop\RecSysChallenge2020\src\ParameterTuning\SearchAbstractClass.py", line 242, in _evaluate_on_validation
    result_dict, _ = self.evaluator_validation.evaluateRecommender(recommender_instance)
TypeError: evaluateRecommender() missing 1 required positional argument: 'recommender_object'

SearchBayesianSkopt: Config 30 Exception. Config: {'topK': 17, 'shrink': 986, 'similarity': 'jaccard', 'normalize': False} - Exception: Traceback (most recent call last):
  File "C:\Users\ALEXDRUSO\Desktop\RecSysChallenge2020\src\ParameterTuning\SearchAbstractClass.py", line 335, in _objective_function
    current_fit_parameters_dict)
  File "C:\Users\ALEXDRUSO\Desktop\RecSysChallenge2020\src\ParameterTuning\SearchAbstractClass.py", line 242, in _evaluate_on_validation
    result_dict, _ = self.evaluator_validation.evaluateRecommender(recommender_instance)
TypeError: evaluateRecommender() missing 1 required positional argument: 'recommender_object'

SearchBayesianSkopt: Config 31 Exception. Config: {'topK': 995, 'shrink': 995, 'similarity': 'jaccard', 'normalize': True} - Exception: Traceback (most recent call last):
  File "C:\Users\ALEXDRUSO\Desktop\RecSysChallenge2020\src\ParameterTuning\SearchAbstractClass.py", line 335, in _objective_function
    current_fit_parameters_dict)
  File "C:\Users\ALEXDRUSO\Desktop\RecSysChallenge2020\src\ParameterTuning\SearchAbstractClass.py", line 242, in _evaluate_on_validation
    result_dict, _ = self.evaluator_validation.evaluateRecommender(recommender_instance)
TypeError: evaluateRecommender() missing 1 required positional argument: 'recommender_object'

SearchBayesianSkopt: Config 32 Exception. Config: {'topK': 6, 'shrink': 3, 'similarity': 'jaccard', 'normalize': True} - Exception: Traceback (most recent call last):
  File "C:\Users\ALEXDRUSO\Desktop\RecSysChallenge2020\src\ParameterTuning\SearchAbstractClass.py", line 335, in _objective_function
    current_fit_parameters_dict)
  File "C:\Users\ALEXDRUSO\Desktop\RecSysChallenge2020\src\ParameterTuning\SearchAbstractClass.py", line 242, in _evaluate_on_validation
    result_dict, _ = self.evaluator_validation.evaluateRecommender(recommender_instance)
TypeError: evaluateRecommender() missing 1 required positional argument: 'recommender_object'

SearchBayesianSkopt: Config 33 Exception. Config: {'topK': 998, 'shrink': 2, 'similarity': 'jaccard', 'normalize': False} - Exception: Traceback (most recent call last):
  File "C:\Users\ALEXDRUSO\Desktop\RecSysChallenge2020\src\ParameterTuning\SearchAbstractClass.py", line 335, in _objective_function
    current_fit_parameters_dict)
  File "C:\Users\ALEXDRUSO\Desktop\RecSysChallenge2020\src\ParameterTuning\SearchAbstractClass.py", line 242, in _evaluate_on_validation
    result_dict, _ = self.evaluator_validation.evaluateRecommender(recommender_instance)
TypeError: evaluateRecommender() missing 1 required positional argument: 'recommender_object'

SearchBayesianSkopt: Config 34 Exception. Config: {'topK': 10, 'shrink': 982, 'similarity': 'jaccard', 'normalize': False} - Exception: Traceback (most recent call last):
  File "C:\Users\ALEXDRUSO\Desktop\RecSysChallenge2020\src\ParameterTuning\SearchAbstractClass.py", line 335, in _objective_function
    current_fit_parameters_dict)
  File "C:\Users\ALEXDRUSO\Desktop\RecSysChallenge2020\src\ParameterTuning\SearchAbstractClass.py", line 242, in _evaluate_on_validation
    result_dict, _ = self.evaluator_validation.evaluateRecommender(recommender_instance)
TypeError: evaluateRecommender() missing 1 required positional argument: 'recommender_object'

SearchBayesianSkopt: Search complete. Best config is None: None
